<?xml version='1.0' encoding='UTF-8'?>
<dataset>
    
    <cg_user_group id="1"
        name="Administrator" 
        lower_name="administrator" 
        active="y" 
        created_at="{currentMillis}" 
        modified_at="{currentMillis}" />
    <cg_user_group id="2"
        name="User" 
        lower_name="user" 
        active="y" 
        created_at="{currentMillis}" 
        modified_at="{currentMillis}" />
    
    <cg_menu_permission id="1" user_group_id="1" menu_code="menu.settings" can_view="y" can_modify="y" created_at="{currentMillis}" modified_at="{currentMillis}" />
    <cg_menu_permission id="2" user_group_id="1" menu_code="menu.settings.system" can_view="y" can_modify="y" created_at="{currentMillis}" modified_at="{currentMillis}" />
    <cg_menu_permission id="3" user_group_id="1" menu_code="menu.settings.user" can_view="y" can_modify="y" created_at="{currentMillis}" modified_at="{currentMillis}" />
    <cg_menu_permission id="4" user_group_id="1" menu_code="menu.settings.usergroup" can_view="y" can_modify="y" created_at="{currentMillis}" modified_at="{currentMillis}" />
    <cg_menu_permission id="5" user_group_id="2" menu_code="menu.settings" can_view="n" can_modify="n" created_at="{currentMillis}" modified_at="{currentMillis}" />
    <cg_menu_permission id="6" user_group_id="2" menu_code="menu.settings.system" can_view="n" can_modify="n" created_at="{currentMillis}" modified_at="{currentMillis}" />
    <cg_menu_permission id="7" user_group_id="2" menu_code="menu.settings.user" can_view="n" can_modify="n" created_at="{currentMillis}" modified_at="{currentMillis}" />
    <cg_menu_permission id="8" user_group_id="2" menu_code="menu.settings.usergroup" can_view="n" can_modify="n" created_at="{currentMillis}" modified_at="{currentMillis}" />
    
</dataset>